<?xml version="1.0" encoding="UTF-8"?>
<!-- Generated by org.testng.reporters.JUnitReportReporter -->
<testsuite hostname="DESKTOP-E024R43" failures="0" tests="6" name="cucumber_options.TestNG_TestRunner" time="0.195" errors="0" timestamp="2024-08-21T18:06:50 IST" skipped="0">
  <testcase classname="cucumber_options.TestNG_TestRunner" name="runScenario" time="0.025"/>
  <testcase classname="cucumber_options.TestNG_TestRunner" name="runScenario" time="0.013"/>
  <testcase classname="cucumber_options.TestNG_TestRunner" name="runScenario" time="0.011"/>
  <testcase classname="cucumber_options.TestNG_TestRunner" name="runScenario" time="0.098"/>
  <testcase classname="cucumber_options.TestNG_TestRunner" name="runScenario" time="0.016"/>
  <testcase classname="cucumber_options.TestNG_TestRunner" name="runScenario" time="0.032"/>
</testsuite> <!-- cucumber_options.TestNG_TestRunner -->
