<?xml version="1.0" encoding="UTF-8"?>
<!-- Generated by org.testng.reporters.JUnitReportReporter -->
<testsuite hostname="DESKTOP-E024R43" failures="0" tests="1" name="cucumberOptions.TestRunnerFile" time="50.937" errors="0" timestamp="2024-08-30T14:40:19 IST" skipped="0">
  <testcase classname="cucumberOptions.TestRunnerFile" name="runScenario" time="50.937"/>
</testsuite> <!-- cucumberOptions.TestRunnerFile -->
